store_doc1_view()
sRelativePath: /Users/dantefernandez/Projects/iMii/iMii_v6/iMii_v6/iMii_v6/static
sBaseFileName: SwiftCSharpPoster.2edf0874-7205-47ea-ae2a-c2b04dfdd218.pdf
sDBPath: /Users/dantefernandez/Projects/iMii/iMii_v6/iMii_v6/iMii_v6/db
store_people_doc2_view()
sRelativePath: /Users/dantefernandez/Projects/iMii/iMii_v6/iMii_v6/iMii_v6/static
sBaseFileName: mcm-sql.201174de-243a-44b9-865e-71b0e4ca2d41.pdf
sDBPath: /Users/dantefernandez/Projects/iMii/iMii_v6/iMii_v6/iMii_v6/db
store_img1_view()
sRelativePath: /Users/dantefernandez/Projects/iMii/iMii_v6/iMii_v6/iMii_v6/static
sBaseFileName: 2bb7670c-6f69-49b6-923d-9ef1acc97037.jpg
sDBPath: /Users/dantefernandez/Projects/iMii/iMii_v6/iMii_v6/iMii_v6/db
store_img1_view()
sRelativePath: /Users/dantefernandez/Projects/iMii/iMii_v6/iMii_v6/iMii_v6/static
sBaseFileName: 06f869cf-36c9-49cb-9d39-7d2bb66abf23.jpg
sDBPath: /Users/dantefernandez/Projects/iMii/iMii_v6/iMii_v6/iMii_v6/db
sRelativePath: /Users/dantefernandez/Projects/iMii/iMii_v6/iMii_v6/iMii_v6/static
sBaseFileName: cf2d8449-4354-45b3-b43d-24345eca842e.jpg
sDBPath: /Users/dantefernandez/Projects/iMii/iMii_v6/iMii_v6/iMii_v6/db
sRelativePath: /Users/dantefernandez/Projects/iMii/iMii_v6/iMii_v6/iMii_v6/static
sBaseFileName: c3c35c3e-c938-4fa0-8124-78c0de3a1edc.jpg
sDBPath: /Users/dantefernandez/Projects/iMii/iMii_v6/iMii_v6/iMii_v6/db
sRelativePath: /Users/dantefernandez/Projects/iMii/iMii_v6/iMii_v6/iMii_v6/static
sBaseFileName: 3a29fef5-e031-40de-a139-dd85a72ec858.jpg
sDBPath: /Users/dantefernandez/Projects/iMii/iMii_v6/iMii_v6/iMii_v6/db
sRelativePath: /Users/dantefernandez/Projects/iMii/iMii_v6/iMii_v6/iMii_v6/static
sBaseFileName: 7409c2b0-ccc5-4f1e-9843-f4ab4caaa9b2.jpg
sDBPath: /Users/dantefernandez/Projects/iMii/iMii_v6/iMii_v6/iMii_v6/db
sRelativePath: /Users/dantefernandez/Projects/iMii/iMii_v6/iMii_v6/iMii_v6/static
sBaseFileName: b9071df2-04d0-40f3-912a-23f9f2f8bb81.jpg
sDBPath: /Users/dantefernandez/Projects/iMii/iMii_v6/iMii_v6/iMii_v6/db
sRelativePath: /Users/dantefernandez/Projects/iMii/iMii_v6/iMii_v6/iMii_v6/static
sBaseFileName: 4d3d2931-33f4-412f-9da8-bfe5f9b66aac.jpg
sDBPath: /Users/dantefernandez/Projects/iMii/iMii_v6/iMii_v6/iMii_v6/db
sRelativePath: /Users/dantefernandez/Projects/iMii/iMii_v6/iMii_v6/iMii_v6/static
sBaseFileName: d02bf51a-0b1e-43df-b168-82edff895a6f.jpg
sDBPath: /Users/dantefernandez/Projects/iMii/iMii_v6/iMii_v6/iMii_v6/db
